{"total": {"lines":{"total":3276,"covered":2472,"skipped":0,"pct":75.45},"statements":{"total":3276,"covered":2472,"skipped":0,"pct":75.45},"functions":{"total":115,"covered":83,"skipped":0,"pct":72.17},"branches":{"total":355,"covered":301,"skipped":0,"pct":84.78},"branchesTrue":{"total":0,"covered":0,"skipped":0,"pct":100}}
,"/Users/domeally/workspaces/truenas_upgrade/repos/omhq-hpc-code-server-stack/manager/config/index.js": {"lines":{"total":401,"covered":397,"skipped":0,"pct":99},"functions":{"total":3,"covered":3,"skipped":0,"pct":100},"statements":{"total":401,"covered":397,"skipped":0,"pct":99},"branches":{"total":25,"covered":23,"skipped":0,"pct":92}}
,"/Users/domeally/workspaces/truenas_upgrade/repos/omhq-hpc-code-server-stack/manager/lib/cache.js": {"lines":{"total":108,"covered":108,"skipped":0,"pct":100},"functions":{"total":7,"covered":7,"skipped":0,"pct":100},"statements":{"total":108,"covered":108,"skipped":0,"pct":100},"branches":{"total":20,"covered":20,"skipped":0,"pct":100}}
,"/Users/domeally/workspaces/truenas_upgrade/repos/omhq-hpc-code-server-stack/manager/lib/errors.js": {"lines":{"total":96,"covered":96,"skipped":0,"pct":100},"functions":{"total":8,"covered":8,"skipped":0,"pct":100},"statements":{"total":96,"covered":96,"skipped":0,"pct":100},"branches":{"total":9,"covered":9,"skipped":0,"pct":100}}
,"/Users/domeally/workspaces/truenas_upgrade/repos/omhq-hpc-code-server-stack/manager/lib/helpers.js": {"lines":{"total":77,"covered":77,"skipped":0,"pct":100},"functions":{"total":3,"covered":3,"skipped":0,"pct":100},"statements":{"total":77,"covered":77,"skipped":0,"pct":100},"branches":{"total":21,"covered":21,"skipped":0,"pct":100}}
,"/Users/domeally/workspaces/truenas_upgrade/repos/omhq-hpc-code-server-stack/manager/lib/logger.js": {"lines":{"total":97,"covered":82,"skipped":0,"pct":84.53},"functions":{"total":16,"covered":9,"skipped":0,"pct":56.25},"statements":{"total":97,"covered":82,"skipped":0,"pct":84.53},"branches":{"total":19,"covered":16,"skipped":0,"pct":84.21}}
,"/Users/domeally/workspaces/truenas_upgrade/repos/omhq-hpc-code-server-stack/manager/lib/proxy-helpers.js": {"lines":{"total":31,"covered":31,"skipped":0,"pct":100},"functions":{"total":2,"covered":2,"skipped":0,"pct":100},"statements":{"total":31,"covered":31,"skipped":0,"pct":100},"branches":{"total":7,"covered":7,"skipped":0,"pct":100}}
,"/Users/domeally/workspaces/truenas_upgrade/repos/omhq-hpc-code-server-stack/manager/lib/state.js": {"lines":{"total":1024,"covered":558,"skipped":0,"pct":54.49},"functions":{"total":39,"covered":21,"skipped":0,"pct":53.84},"statements":{"total":1024,"covered":558,"skipped":0,"pct":54.49},"branches":{"total":67,"covered":55,"skipped":0,"pct":82.08}}
,"/Users/domeally/workspaces/truenas_upgrade/repos/omhq-hpc-code-server-stack/manager/lib/validation.js": {"lines":{"total":124,"covered":123,"skipped":0,"pct":99.19},"functions":{"total":5,"covered":5,"skipped":0,"pct":100},"statements":{"total":124,"covered":123,"skipped":0,"pct":99.19},"branches":{"total":32,"covered":28,"skipped":0,"pct":87.5}}
,"/Users/domeally/workspaces/truenas_upgrade/repos/omhq-hpc-code-server-stack/manager/services/hpc.js": {"lines":{"total":1003,"covered":739,"skipped":0,"pct":73.67},"functions":{"total":19,"covered":15,"skipped":0,"pct":78.94},"statements":{"total":1003,"covered":739,"skipped":0,"pct":73.67},"branches":{"total":111,"covered":86,"skipped":0,"pct":77.47}}
,"/Users/domeally/workspaces/truenas_upgrade/repos/omhq-hpc-code-server-stack/manager/services/tunnel.js": {"lines":{"total":315,"covered":261,"skipped":0,"pct":82.85},"functions":{"total":13,"covered":10,"skipped":0,"pct":76.92},"statements":{"total":315,"covered":261,"skipped":0,"pct":82.85},"branches":{"total":44,"covered":36,"skipped":0,"pct":81.81}}
}
